[debug] [2018-08-19T21:12:52.576Z] ----------------------------------------------------------------------
[debug] [2018-08-19T21:12:52.578Z] Command:       C:\Program Files\nodejs\node.exe C:\Users\Omar\AppData\Roaming\npm\node_modules\firebase-tools\bin\firebase login
[debug] [2018-08-19T21:12:52.578Z] CLI Version:   4.1.2
[debug] [2018-08-19T21:12:52.578Z] Platform:      win32
[debug] [2018-08-19T21:12:52.578Z] Node Version:  v8.11.1
[debug] [2018-08-19T21:12:52.580Z] Time:          Sun Aug 19 2018 14:12:52 GMT-0700 (Pacific Daylight Time)
[debug] [2018-08-19T21:12:52.580Z] ----------------------------------------------------------------------
[debug] 
[info] 
[info] Visit this URL on any device to log in:
[info] https://accounts.google.com/o/oauth2/auth?client_id=563584335869-fgrhgmd47bqnekij5i8b5pr03ho849e6.apps.googleusercontent.com&scope=email%20openid%20https%3A%2F%2Fwww.googleapis.com%2Fauth%2Fcloudplatformprojects.readonly%20https%3A%2F%2Fwww.googleapis.com%2Fauth%2Ffirebase%20https%3A%2F%2Fwww.googleapis.com%2Fauth%2Fcloud-platform&response_type=code&state=220415921&redirect_uri=http%3A%2F%2Flocalhost%3A9005
[info] 
[info] Waiting for authentication...
[debug] [2018-08-19T21:13:01.256Z] >>> HTTP REQUEST POST https://accounts.google.com/o/oauth2/token  

[debug] [2018-08-19T21:13:01.748Z] Token Fetch Error: Error
    at new FirebaseError (C:\Users\Omar\AppData\Roaming\npm\node_modules\firebase-tools\lib\error.js:11:16)
    at Request._callback (C:\Users\Omar\AppData\Roaming\npm\node_modules\firebase-tools\lib\api.js:34:11)
    at self.callback (C:\Users\Omar\AppData\Roaming\npm\node_modules\firebase-tools\node_modules\request\request.js:185:22)
    at emitOne (events.js:116:13)
    at Request.emit (events.js:211:7)
    at Request.onRequestError (C:\Users\Omar\AppData\Roaming\npm\node_modules\firebase-tools\node_modules\request\request.js:881:8)
    at emitOne (events.js:116:13)
    at ClientRequest.emit (events.js:211:7)
    at TLSSocket.socketErrorListener (_http_client.js:387:9)
    at emitOne (events.js:116:13)
